{"/Users/sonam.singh/Desktop/namasteReact/components/sum.js": {"path":"/Users/sonam.singh/Desktop/namasteReact/components/sum.js","statementMap":{"0":{"start":{"line":1,"column":19},"end":{"line":3,"column":1}},"1":{"start":{"line":2,"column":4},"end":{"line":2,"column":14}}},"fnMap":{"0":{"name":"(anonymous_0)","decl":{"start":{"line":1,"column":19},"end":{"line":1,"column":20}},"loc":{"start":{"line":1,"column":28},"end":{"line":3,"column":1}},"line":1}},"branchMap":{},"s":{"0":1,"1":1},"f":{"0":1},"b":{},"_coverageSchema":"1a1c01bbd47fc00a2c39e90264f33305004495a9","hash":"6b1947d616b2ae1f1eda16099709c4147d115ee3"}
,"/Users/sonam.singh/Desktop/namasteReact/components/ContactUs/contactUs.style.scss": {"path":"/Users/sonam.singh/Desktop/namasteReact/components/ContactUs/contactUs.style.scss","statementMap":{},"fnMap":{},"branchMap":{},"s":{},"f":{},"b":{},"inputSourceMap":null,"_coverageSchema":"1a1c01bbd47fc00a2c39e90264f33305004495a9","hash":"98cc3463a4984e9b9728afd931576f48adb773b6"}
,"/Users/sonam.singh/Desktop/namasteReact/components/ContactUs/index.jsx": {"path":"/Users/sonam.singh/Desktop/namasteReact/components/ContactUs/index.jsx","statementMap":{"0":{"start":{"line":4,"column":18},"end":{"line":15,"column":1}},"1":{"start":{"line":5,"column":2},"end":{"line":14,"column":3}}},"fnMap":{"0":{"name":"(anonymous_0)","decl":{"start":{"line":4,"column":18},"end":{"line":4,"column":19}},"loc":{"start":{"line":4,"column":24},"end":{"line":15,"column":1}},"line":4}},"branchMap":{},"s":{"0":1,"1":2},"f":{"0":2},"b":{},"_coverageSchema":"1a1c01bbd47fc00a2c39e90264f33305004495a9","hash":"a3afb93252096df53c19579502722a3b15203497"}
}
